<?xml version="1.0" encoding="UTF-8"?>
<!-- Generated by org.testng.reporters.JUnitReportReporter -->
<testsuite hostname="LAPTOP-BPB34IKB" failures="0" tests="1" name="DataDriven.DataDrivenTestingUsingFile" time="0.000" errors="1" timestamp="2024-06-25T00:43:57 EDT" skipped="0">
  <testcase classname="DataDriven.DataDrivenTestingUsingFile" name="DataDrivenTestingUsingJson" time="0.000">
    <error message="com.jayway.jsonpath.InvalidJsonException: net.minidev.json.parser.ParseException: Unexpected token &quot; at position 51." type="java.lang.RuntimeException">
      <![CDATA[java.lang.RuntimeException: com.jayway.jsonpath.InvalidJsonException: net.minidev.json.parser.ParseException: Unexpected token " at position 51.
at org.testng.internal.invokers.MethodInvocationHelper.invokeMethodNoCheckedException(MethodInvocationHelper.java:58)
at org.testng.internal.invokers.MethodInvocationHelper.invokeDataProvider(MethodInvocationHelper.java:159)
at org.testng.internal.Parameters.handleParameters(Parameters.java:809)
at org.testng.internal.Parameters.handleParameters(Parameters.java:734)
at org.testng.internal.invokers.ParameterHandler.handleParameters(ParameterHandler.java:72)
at org.testng.internal.invokers.ParameterHandler.createParameters(ParameterHandler.java:51)
at org.testng.internal.invokers.TestInvoker$MethodInvocationAgent.invoke(TestInvoker.java:946)
at org.testng.internal.invokers.TestInvoker.invokeTestMethods(TestInvoker.java:203)
at org.testng.internal.invokers.TestMethodWorker.invokeTestMethods(TestMethodWorker.java:154)
at org.testng.internal.invokers.TestMethodWorker.run(TestMethodWorker.java:134)
at java.base/java.util.ArrayList.forEach(ArrayList.java:1596)
at org.testng.TestRunner.privateRun(TestRunner.java:739)
at org.testng.TestRunner.run(TestRunner.java:614)
at org.testng.SuiteRunner.runTest(SuiteRunner.java:421)
at org.testng.SuiteRunner.runSequentially(SuiteRunner.java:413)
at org.testng.SuiteRunner.privateRun(SuiteRunner.java:373)
at org.testng.SuiteRunner.run(SuiteRunner.java:312)
at org.testng.SuiteRunnerWorker.runSuite(SuiteRunnerWorker.java:52)
at org.testng.SuiteRunnerWorker.run(SuiteRunnerWorker.java:95)
at org.testng.TestNG.runSuitesSequentially(TestNG.java:1274)
at org.testng.TestNG.runSuitesLocally(TestNG.java:1208)
at org.testng.TestNG.runSuites(TestNG.java:1112)
at org.testng.TestNG.run(TestNG.java:1079)
at org.testng.remote.AbstractRemoteTestNG.run(AbstractRemoteTestNG.java:115)
at org.testng.remote.RemoteTestNG.initAndRun(RemoteTestNG.java:293)
at org.testng.remote.RemoteTestNG.main(RemoteTestNG.java:91)
Caused by: com.jayway.jsonpath.InvalidJsonException: net.minidev.json.parser.ParseException: Unexpected token " at position 51.
at com.jayway.jsonpath.spi.json.JsonSmartJsonProvider.parse(JsonSmartJsonProvider.java:64)
at com.jayway.jsonpath.internal.ParseContextImpl.parse(ParseContextImpl.java:37)
at com.jayway.jsonpath.JsonPath.read(JsonPath.java:550)
at DataDriven.DataDrivenTestingUsingFile.getTestDatausingJson(DataDrivenTestingUsingFile.java:65)
at java.base/jdk.internal.reflect.DirectMethodHandleAccessor.invoke(DirectMethodHandleAccessor.java:103)
at java.base/java.lang.reflect.Method.invoke(Method.java:580)
at org.testng.internal.invokers.MethodInvocationHelper.invokeMethod(MethodInvocationHelper.java:141)
at org.testng.internal.invokers.MethodInvocationHelper.invokeMethod(MethodInvocationHelper.java:86)
at org.testng.internal.invokers.MethodInvocationHelper.invokeMethodNoCheckedException(MethodInvocationHelper.java:54)
... 25 more
Caused by: net.minidev.json.parser.ParseException: Unexpected token " at position 51.
at net.minidev.json.parser.JSONParserBase.readObject(JSONParserBase.java:636)
at net.minidev.json.parser.JSONParserBase.readMain(JSONParserBase.java:467)
at net.minidev.json.parser.JSONParserBase.readArray(JSONParserBase.java:337)
at net.minidev.json.parser.JSONParserBase.readFirst(JSONParserBase.java:368)
at net.minidev.json.parser.JSONParserBase.parse(JSONParserBase.java:218)
at net.minidev.json.parser.JSONParserString.parse(JSONParserString.java:58)
at net.minidev.json.parser.JSONParser.parse(JSONParser.java:285)
at com.jayway.jsonpath.spi.json.JsonSmartJsonProvider.parse(JsonSmartJsonProvider.java:62)
... 33 more
]]>
    </error>
  </testcase> <!-- DataDrivenTestingUsingJson -->
</testsuite> <!-- DataDriven.DataDrivenTestingUsingFile -->
